<?xml version="1.0" encoding="UTF-8"?>
<testsuite xmlns:xsi="http://www.w3.org/2001/XMLSchema-instance" xsi:noNamespaceSchemaLocation="https://maven.apache.org/surefire/maven-surefire-plugin/xsd/surefire-test-report-3.0.xsd" version="3.0" name="db.DBUtilsTest" time="1.079" tests="5" errors="0" skipped="0" failures="0">
  <properties>
    <property name="sun.desktop" value="windows"/>
    <property name="awt.toolkit" value="sun.awt.windows.WToolkit"/>
    <property name="netbeans.deploy" value="true"/>
    <property name="file.encoding.pkg" value="sun.io"/>
    <property name="java.specification.version" value="1.8"/>
    <property name="sun.cpu.isalist" value="amd64"/>
    <property name="sun.jnu.encoding" value="Cp1252"/>
    <property name="java.class.path" value="C:\Users\monee\Documents\NetBeansProjects\MegaCityService\target\test-classes;C:\Users\monee\Documents\NetBeansProjects\MegaCityService\target\classes;C:\Users\monee\.m2\repository\jakarta\platform\jakarta.jakartaee-api\8.0.0\jakarta.jakartaee-api-8.0.0.jar;C:\Users\monee\.m2\repository\com\mysql\mysql-connector-j\8.0.33\mysql-connector-j-8.0.33.jar;C:\Users\monee\.m2\repository\com\google\protobuf\protobuf-java\3.21.9\protobuf-java-3.21.9.jar;C:\Users\monee\.m2\repository\jakarta\ws\rs\jakarta.ws.rs-api\3.0.0\jakarta.ws.rs-api-3.0.0.jar;C:\Users\monee\.m2\repository\com\google\code\gson\gson\2.10\gson-2.10.jar;C:\Users\monee\.m2\repository\org\mindrot\jbcrypt\0.4\jbcrypt-0.4.jar;C:\Users\monee\.m2\repository\org\junit\jupiter\junit-jupiter-api\5.6.0\junit-jupiter-api-5.6.0.jar;C:\Users\monee\.m2\repository\org\apiguardian\apiguardian-api\1.1.0\apiguardian-api-1.1.0.jar;C:\Users\monee\.m2\repository\org\opentest4j\opentest4j\1.2.0\opentest4j-1.2.0.jar;C:\Users\monee\.m2\repository\org\junit\platform\junit-platform-commons\1.6.0\junit-platform-commons-1.6.0.jar;C:\Users\monee\.m2\repository\org\junit\jupiter\junit-jupiter-params\5.6.0\junit-jupiter-params-5.6.0.jar;C:\Users\monee\.m2\repository\org\junit\jupiter\junit-jupiter-engine\5.6.0\junit-jupiter-engine-5.6.0.jar;C:\Users\monee\.m2\repository\org\junit\platform\junit-platform-engine\1.6.0\junit-platform-engine-1.6.0.jar;"/>
    <property name="java.vm.vendor" value="Azul Systems, Inc."/>
    <property name="sun.arch.data.model" value="64"/>
    <property name="user.variant" value=""/>
    <property name="exec.appArgs" value=""/>
    <property name="java.vendor.url" value="http://www.azul.com/"/>
    <property name="user.timezone" value="Asia/Colombo"/>
    <property name="java.vm.specification.version" value="1.8"/>
    <property name="os.name" value="Windows 10"/>
    <property name="sun.java.launcher" value="SUN_STANDARD"/>
    <property name="user.country" value="US"/>
    <property name="sun.boot.library.path" value="C:\Users\monee\Documents\NetBeansJDKs\zulu8.84.0.15-ca-jdk8.0.442-win_x64\zulu8.84.0.15-ca-jdk8.0.442-win_x64\jre\bin"/>
    <property name="sun.java.command" value="C:\Users\monee\AppData\Local\Temp\surefire2374140100344048695\surefirebooter-20250226130553791_3.jar C:\Users\monee\AppData\Local\Temp\surefire2374140100344048695 2025-02-26T13-05-53_350-jvmRun1 surefire-20250226130553791_1tmp surefire_0-20250226130553791_2tmp"/>
    <property name="surefire.test.class.path" value="C:\Users\monee\Documents\NetBeansProjects\MegaCityService\target\test-classes;C:\Users\monee\Documents\NetBeansProjects\MegaCityService\target\classes;C:\Users\monee\.m2\repository\jakarta\platform\jakarta.jakartaee-api\8.0.0\jakarta.jakartaee-api-8.0.0.jar;C:\Users\monee\.m2\repository\com\mysql\mysql-connector-j\8.0.33\mysql-connector-j-8.0.33.jar;C:\Users\monee\.m2\repository\com\google\protobuf\protobuf-java\3.21.9\protobuf-java-3.21.9.jar;C:\Users\monee\.m2\repository\jakarta\ws\rs\jakarta.ws.rs-api\3.0.0\jakarta.ws.rs-api-3.0.0.jar;C:\Users\monee\.m2\repository\com\google\code\gson\gson\2.10\gson-2.10.jar;C:\Users\monee\.m2\repository\org\mindrot\jbcrypt\0.4\jbcrypt-0.4.jar;C:\Users\monee\.m2\repository\org\junit\jupiter\junit-jupiter-api\5.6.0\junit-jupiter-api-5.6.0.jar;C:\Users\monee\.m2\repository\org\apiguardian\apiguardian-api\1.1.0\apiguardian-api-1.1.0.jar;C:\Users\monee\.m2\repository\org\opentest4j\opentest4j\1.2.0\opentest4j-1.2.0.jar;C:\Users\monee\.m2\repository\org\junit\platform\junit-platform-commons\1.6.0\junit-platform-commons-1.6.0.jar;C:\Users\monee\.m2\repository\org\junit\jupiter\junit-jupiter-params\5.6.0\junit-jupiter-params-5.6.0.jar;C:\Users\monee\.m2\repository\org\junit\jupiter\junit-jupiter-engine\5.6.0\junit-jupiter-engine-5.6.0.jar;C:\Users\monee\.m2\repository\org\junit\platform\junit-platform-engine\1.6.0\junit-platform-engine-1.6.0.jar;"/>
    <property name="exec.vmArgs" value=""/>
    <property name="sun.cpu.endian" value="little"/>
    <property name="user.home" value="C:\Users\monee"/>
    <property name="user.language" value="en"/>
    <property name="java.specification.vendor" value="Oracle Corporation"/>
    <property name="java.home" value="C:\Users\monee\Documents\NetBeansJDKs\zulu8.84.0.15-ca-jdk8.0.442-win_x64\zulu8.84.0.15-ca-jdk8.0.442-win_x64\jre"/>
    <property name="basedir" value="C:\Users\monee\Documents\NetBeansProjects\MegaCityService"/>
    <property name="file.separator" value="\"/>
    <property name="line.separator" value="&#10;"/>
    <property name="jdk.vendor.version" value="Zulu 8.84.0.15-CA-win64"/>
    <property name="java.vm.specification.vendor" value="Oracle Corporation"/>
    <property name="java.specification.name" value="Java Platform API Specification"/>
    <property name="java.awt.graphicsenv" value="sun.awt.Win32GraphicsEnvironment"/>
    <property name="surefire.real.class.path" value="C:\Users\monee\AppData\Local\Temp\surefire2374140100344048695\surefirebooter-20250226130553791_3.jar"/>
    <property name="sun.boot.class.path" value="C:\Users\monee\Documents\NetBeansJDKs\zulu8.84.0.15-ca-jdk8.0.442-win_x64\zulu8.84.0.15-ca-jdk8.0.442-win_x64\jre\lib\resources.jar;C:\Users\monee\Documents\NetBeansJDKs\zulu8.84.0.15-ca-jdk8.0.442-win_x64\zulu8.84.0.15-ca-jdk8.0.442-win_x64\jre\lib\rt.jar;C:\Users\monee\Documents\NetBeansJDKs\zulu8.84.0.15-ca-jdk8.0.442-win_x64\zulu8.84.0.15-ca-jdk8.0.442-win_x64\jre\lib\sunrsasign.jar;C:\Users\monee\Documents\NetBeansJDKs\zulu8.84.0.15-ca-jdk8.0.442-win_x64\zulu8.84.0.15-ca-jdk8.0.442-win_x64\jre\lib\jsse.jar;C:\Users\monee\Documents\NetBeansJDKs\zulu8.84.0.15-ca-jdk8.0.442-win_x64\zulu8.84.0.15-ca-jdk8.0.442-win_x64\jre\lib\jce.jar;C:\Users\monee\Documents\NetBeansJDKs\zulu8.84.0.15-ca-jdk8.0.442-win_x64\zulu8.84.0.15-ca-jdk8.0.442-win_x64\jre\lib\charsets.jar;C:\Users\monee\Documents\NetBeansJDKs\zulu8.84.0.15-ca-jdk8.0.442-win_x64\zulu8.84.0.15-ca-jdk8.0.442-win_x64\jre\lib\jfr.jar;C:\Users\monee\Documents\NetBeansJDKs\zulu8.84.0.15-ca-jdk8.0.442-win_x64\zulu8.84.0.15-ca-jdk8.0.442-win_x64\jre\lib\cat.jar;C:\Users\monee\Documents\NetBeansJDKs\zulu8.84.0.15-ca-jdk8.0.442-win_x64\zulu8.84.0.15-ca-jdk8.0.442-win_x64\jre\classes"/>
    <property name="user.script" value=""/>
    <property name="sun.management.compiler" value="HotSpot 64-Bit Tiered Compilers"/>
    <property name="java.runtime.version" value="1.8.0_442-b06"/>
    <property name="user.name" value="monee"/>
    <property name="path.separator" value=";"/>
    <property name="os.version" value="10.0"/>
    <property name="java.endorsed.dirs" value="C:\Users\monee\Documents\NetBeansJDKs\zulu8.84.0.15-ca-jdk8.0.442-win_x64\zulu8.84.0.15-ca-jdk8.0.442-win_x64\jre\lib\endorsed"/>
    <property name="java.runtime.name" value="OpenJDK Runtime Environment"/>
    <property name="file.encoding" value="UTF-8"/>
    <property name="java.vm.name" value="OpenJDK 64-Bit Server VM"/>
    <property name="maven.ext.class.path" value="C:\Program Files\NetBeans-19\netbeans\java\maven-nblib\netbeans-eventspy.jar"/>
    <property name="localRepository" value="C:\Users\monee\.m2\repository"/>
    <property name="java.vendor.url.bug" value="http://www.azul.com/support/"/>
    <property name="java.io.tmpdir" value="C:\Users\monee\AppData\Local\Temp\"/>
    <property name="java.version" value="1.8.0_442"/>
    <property name="user.dir" value="C:\Users\monee\Documents\NetBeansProjects\MegaCityService"/>
    <property name="os.arch" value="amd64"/>
    <property name="java.vm.specification.name" value="Java Virtual Machine Specification"/>
    <property name="java.awt.printerjob" value="sun.awt.windows.WPrinterJob"/>
    <property name="sun.os.patch.level" value=""/>
    <property name="java.library.path" value="C:\Users\monee\Documents\NetBeansJDKs\zulu8.84.0.15-ca-jdk8.0.442-win_x64\zulu8.84.0.15-ca-jdk8.0.442-win_x64\jre\bin;C:\WINDOWS\Sun\Java\bin;C:\WINDOWS\system32;C:\WINDOWS;C:\Program Files\Common Files\Oracle\Java\javapath;C:\WINDOWS\system32;C:\WINDOWS;C:\WINDOWS\System32\Wbem;C:\WINDOWS\System32\WindowsPowerShell\v1.0\;C:\WINDOWS\System32\OpenSSH\;C:\Program Files\Git\cmd;C:\Users\monee\AppData\Local\Microsoft\WindowsApps;;."/>
    <property name="java.vm.info" value="mixed mode"/>
    <property name="java.vendor" value="Azul Systems, Inc."/>
    <property name="java.vm.version" value="25.442-b06"/>
    <property name="java.specification.maintenance.version" value="6"/>
    <property name="java.ext.dirs" value="C:\Users\monee\Documents\NetBeansJDKs\zulu8.84.0.15-ca-jdk8.0.442-win_x64\zulu8.84.0.15-ca-jdk8.0.442-win_x64\jre\lib\ext;C:\WINDOWS\Sun\Java\lib\ext"/>
    <property name="sun.io.unicode.encoding" value="UnicodeLittle"/>
    <property name="java.class.version" value="52.0"/>
  </properties>
  <testcase name="testDeleteCustomers" classname="db.DBUtilsTest" time="0.88">
    <system-out><![CDATA[deleteCustomer
Customer added: delete@example.com (Rows affected: 1)
Running getCustomer with email: delete@example.com
No customer found for email: delete@example.com
]]></system-out>
  </testcase>
  <testcase name="testAddCustomers" classname="db.DBUtilsTest" time="0.028">
    <system-out><![CDATA[addCustomer
Customer added: test@example.com (Rows affected: 1)
]]></system-out>
  </testcase>
  <testcase name="testGetCustomers" classname="db.DBUtilsTest" time="0.012">
    <system-out><![CDATA[getCustomers
]]></system-out>
    <system-err><![CDATA[Loading class `com.mysql.jdbc.Driver'. This is deprecated. The new driver class is `com.mysql.cj.jdbc.Driver'. The driver is automatically registered via the SPI and manual loading of the driver class is generally unnecessary.
]]></system-err>
  </testcase>
  <testcase name="testUpdateCustomers" classname="db.DBUtilsTest" time="0.032">
    <system-out><![CDATA[updateCustomer
Customer added: update@example.com (Rows affected: 1)
]]></system-out>
  </testcase>
  <testcase name="testGetCustomer" classname="db.DBUtilsTest" time="0.037">
    <system-out><![CDATA[Customer added: test@gmail.com (Rows affected: 1)
Running getCustomer with email: test@gmail.com
Customer found: Carlos Sainz (test@gmail.com)
Running getCustomer with email: test@gmail.com
No customer found for email: test@gmail.com
]]></system-out>
  </testcase>
</testsuite>